have_header: checking for nv_core.h... -------------------- yes

"gcc -o conftest -I/usr/include/ruby-3.0.0/x86_64-linux -I/usr/include/ruby-3.0.0/ruby/backward -I/usr/include/ruby-3.0.0 -I. -I../install/include    -march=x86-64 -mtune=generic -O2 -pipe -fno-plt -fexceptions         -Wp,-D_FORTIFY_SOURCE=2 -Wformat -Werror=format-security         -fstack-clash-protection -fcf-protection -fPIC conftest.c  -L. -L/usr/lib -L../install/lib -L. -Wl,-O1,--sort-common,--as-needed,-z,relro,-z,now -fstack-protector-strong -rdynamic -Wl,-export-dynamic -Wl,--no-as-needed -Wl,-rpath,/home/synth/animeface-2009/install/lib     -lruby  -lm   -lc"
checked program was:
/* begin */
1: #include "ruby.h"
2: 
3: int main(int argc, char **argv)
4: {
5:   return !!argv[argc];
6: }
/* end */

"gcc -E -I/usr/include/ruby-3.0.0/x86_64-linux -I/usr/include/ruby-3.0.0/ruby/backward -I/usr/include/ruby-3.0.0 -I. -I../install/include    -march=x86-64 -mtune=generic -O2 -pipe -fno-plt -fexceptions         -Wp,-D_FORTIFY_SOURCE=2 -Wformat -Werror=format-security         -fstack-clash-protection -fcf-protection -fPIC  conftest.c -o conftest.i"
checked program was:
/* begin */
1: #include "ruby.h"
2: 
3: #include <nv_core.h>
/* end */

--------------------

have_library: checking for nv_matrix_alloc() in -lnvxs... -------------------- yes

"gcc -o conftest -I/usr/include/ruby-3.0.0/x86_64-linux -I/usr/include/ruby-3.0.0/ruby/backward -I/usr/include/ruby-3.0.0 -I. -I../install/include    -march=x86-64 -mtune=generic -O2 -pipe -fno-plt -fexceptions         -Wp,-D_FORTIFY_SOURCE=2 -Wformat -Werror=format-security         -fstack-clash-protection -fcf-protection -fPIC conftest.c  -L. -L/usr/lib -L../install/lib -L. -Wl,-O1,--sort-common,--as-needed,-z,relro,-z,now -fstack-protector-strong -rdynamic -Wl,-export-dynamic -Wl,--no-as-needed -Wl,-rpath,/home/synth/animeface-2009/install/lib     -lruby -lnvxs  -lm   -lc"
conftest.c: In function ‘t’:
conftest.c:14:57: error: ‘nv_matrix_alloc’ undeclared (first use in this function)
   14 | int t(void) { void ((*volatile p)()); p = (void ((*)()))nv_matrix_alloc; return !p; }
      |                                                         ^~~~~~~~~~~~~~~
conftest.c:14:57: note: each undeclared identifier is reported only once for each function it appears in
checked program was:
/* begin */
 1: #include "ruby.h"
 2: 
 3: /*top*/
 4: extern int t(void);
 5: int main(int argc, char **argv)
 6: {
 7:   if (argc > 1000000) {
 8:     int (* volatile tp)(void)=(int (*)(void))&t;
 9:     printf("%d", (*tp)());
10:   }
11: 
12:   return !!argv[argc];
13: }
14: int t(void) { void ((*volatile p)()); p = (void ((*)()))nv_matrix_alloc; return !p; }
/* end */

"gcc -o conftest -I/usr/include/ruby-3.0.0/x86_64-linux -I/usr/include/ruby-3.0.0/ruby/backward -I/usr/include/ruby-3.0.0 -I. -I../install/include    -march=x86-64 -mtune=generic -O2 -pipe -fno-plt -fexceptions         -Wp,-D_FORTIFY_SOURCE=2 -Wformat -Werror=format-security         -fstack-clash-protection -fcf-protection -fPIC conftest.c  -L. -L/usr/lib -L../install/lib -L. -Wl,-O1,--sort-common,--as-needed,-z,relro,-z,now -fstack-protector-strong -rdynamic -Wl,-export-dynamic -Wl,--no-as-needed -Wl,-rpath,/home/synth/animeface-2009/install/lib     -lruby -lnvxs  -lm   -lc"
checked program was:
/* begin */
 1: #include "ruby.h"
 2: 
 3: /*top*/
 4: extern int t(void);
 5: int main(int argc, char **argv)
 6: {
 7:   if (argc > 1000000) {
 8:     int (* volatile tp)(void)=(int (*)(void))&t;
 9:     printf("%d", (*tp)());
10:   }
11: 
12:   return !!argv[argc];
13: }
14: extern void nv_matrix_alloc();
15: int t(void) { nv_matrix_alloc(); return 0; }
/* end */

--------------------

